app/build/intermediates/manifest_merge_blame_file/release/manifest-merger-blame-release-report.txt
1<?xml version="1.0" encoding="utf-8"?>
2<manifest xmlns:android="http://schemas.android.com/apk/res/android"
3    package="com.example.forhue_app"
4    android:versionCode="1"
5    android:versionName="1.0" >
6
7    <uses-sdk
8        android:minSdkVersion="21"
8-->src\main\AndroidManifest.xml
9        android:targetSdkVersion="33" />
9-->src\main\AndroidManifest.xml
10    <!-- access camera -->
11    <uses-permission android:name="android.permission.CAMERA" />
11-->src\main\AndroidManifest.xml:6:5-65
11-->src\main\AndroidManifest.xml:6:22-62
12
13    <uses-feature
13-->src\main\AndroidManifest.xml:8:4-10:35
14        android:name="android.hardware.camera"
14-->src\main\AndroidManifest.xml:9:9-47
15        android:required="true" />
15-->src\main\AndroidManifest.xml:10:9-32
16    <uses-feature
16-->src\main\AndroidManifest.xml:12:5-14:36
17        android:name="android.hardware.camera.autofocus"
17-->src\main\AndroidManifest.xml:13:9-57
18        android:required="false" />
18-->src\main\AndroidManifest.xml:14:9-33
19    <uses-feature
19-->src\main\AndroidManifest.xml:15:5-17:36
20        android:name="android.hardware.camera.front"
20-->src\main\AndroidManifest.xml:16:9-53
21        android:required="false" />
21-->src\main\AndroidManifest.xml:17:9-33
22    <uses-feature
22-->src\main\AndroidManifest.xml:18:5-20:36
23        android:name="android.hardware.camera.front.autofocus"
23-->src\main\AndroidManifest.xml:19:9-63
24        android:required="false" />
24-->src\main\AndroidManifest.xml:20:9-33
25
26    <uses-permission android:name="android.permission.READ_EXTERNAL_STORAGE" />
26-->src\main\AndroidManifest.xml:22:5-80
26-->src\main\AndroidManifest.xml:22:22-77
27    <uses-permission android:name="android.permission.WRITE_EXTERNAL_STORAGE" />
27-->src\main\AndroidManifest.xml:23:5-24:40
27-->src\main\AndroidManifest.xml:23:22-78
28    <uses-permission android:name="android.permission.WRITE_SETTINGS" />
28-->src\main\AndroidManifest.xml:25:5-27:47
28-->src\main\AndroidManifest.xml:26:9-57
29
30    <application
30-->src\main\AndroidManifest.xml:29:5-118:19
31        android:allowBackup="true"
31-->src\main\AndroidManifest.xml:30:9-35
32        android:appComponentFactory="androidx.core.app.CoreComponentFactory"
32-->[androidx.core:core:1.8.0] AndroidManifest.xml:24:18-86
33        android:configChanges="locale"
33-->src\main\AndroidManifest.xml:31:9-39
34        android:dataExtractionRules="@xml/data_extraction_rules"
34-->src\main\AndroidManifest.xml:32:9-65
35        android:fullBackupContent="@xml/backup_rules"
35-->src\main\AndroidManifest.xml:33:9-54
36        android:icon="@mipmap/ic_launcher"
36-->src\main\AndroidManifest.xml:34:9-43
37        android:label="@string/app_name"
37-->src\main\AndroidManifest.xml:35:9-41
38        android:requestLegacyExternalStorage="true"
38-->src\main\AndroidManifest.xml:36:9-52
39        android:roundIcon="@mipmap/ic_launcher_round"
39-->src\main\AndroidManifest.xml:37:9-54
40        android:screenOrientation="portrait"
40-->src\main\AndroidManifest.xml:38:9-45
41        android:theme="@style/Theme.AppCompat.Light.NoActionBar" >
41-->src\main\AndroidManifest.xml:39:9-65
42        <activity
42-->src\main\AndroidManifest.xml:41:9-43:39
43            android:name="com.example.forhue_app.Camera2"
43-->src\main\AndroidManifest.xml:42:13-36
44            android:exported="true" />
44-->src\main\AndroidManifest.xml:43:13-36
45        <activity
45-->src\main\AndroidManifest.xml:44:9-46:39
46            android:name="com.example.forhue_app.TTS"
46-->src\main\AndroidManifest.xml:45:13-32
47            android:exported="true" />
47-->src\main\AndroidManifest.xml:46:13-36
48        <activity
48-->src\main\AndroidManifest.xml:48:9-50:39
49            android:name="com.example.forhue_app.CropperActivity"
49-->src\main\AndroidManifest.xml:49:13-44
50            android:exported="true" />
50-->src\main\AndroidManifest.xml:50:13-36
51        <activity
51-->src\main\AndroidManifest.xml:51:9-53:39
52            android:name="com.example.forhue_app.brightness"
52-->src\main\AndroidManifest.xml:52:13-39
53            android:exported="true" />
53-->src\main\AndroidManifest.xml:53:13-36
54        <activity
54-->src\main\AndroidManifest.xml:54:9-56:39
55            android:name="com.example.forhue_app.Settings"
55-->src\main\AndroidManifest.xml:55:13-37
56            android:exported="true" />
56-->src\main\AndroidManifest.xml:56:13-36
57        <activity
57-->src\main\AndroidManifest.xml:57:9-59:39
58            android:name="com.example.forhue_app.Home"
58-->src\main\AndroidManifest.xml:58:13-33
59            android:exported="true" />
59-->src\main\AndroidManifest.xml:59:13-36
60        <activity
60-->src\main\AndroidManifest.xml:60:9-62:39
61            android:name="com.example.forhue_app.Home2"
61-->src\main\AndroidManifest.xml:61:13-34
62            android:exported="true" />
62-->src\main\AndroidManifest.xml:62:13-36
63        <activity
63-->src\main\AndroidManifest.xml:63:9-65:39
64            android:name="com.example.forhue_app.Camera_AR"
64-->src\main\AndroidManifest.xml:64:13-38
65            android:exported="true" />
65-->src\main\AndroidManifest.xml:65:13-36
66        <activity
66-->src\main\AndroidManifest.xml:66:9-68:39
67            android:name="com.example.forhue_app.Camera_HI"
67-->src\main\AndroidManifest.xml:67:13-38
68            android:exported="true" />
68-->src\main\AndroidManifest.xml:68:13-36
69        <activity
69-->src\main\AndroidManifest.xml:69:9-71:39
70            android:name="com.example.forhue_app.Camera_PT"
70-->src\main\AndroidManifest.xml:70:13-38
71            android:exported="true" />
71-->src\main\AndroidManifest.xml:71:13-36
72        <activity
72-->src\main\AndroidManifest.xml:72:9-74:39
73            android:name="com.example.forhue_app.Camera_TL"
73-->src\main\AndroidManifest.xml:73:13-38
74            android:exported="true" />
74-->src\main\AndroidManifest.xml:74:13-36
75        <activity
75-->src\main\AndroidManifest.xml:75:9-77:39
76            android:name="com.example.forhue_app.Camera_ZH"
76-->src\main\AndroidManifest.xml:76:13-38
77            android:exported="true" />
77-->src\main\AndroidManifest.xml:77:13-36
78        <activity
78-->src\main\AndroidManifest.xml:78:9-80:39
79            android:name="com.example.forhue_app.Module"
79-->src\main\AndroidManifest.xml:79:13-35
80            android:exported="true" />
80-->src\main\AndroidManifest.xml:80:13-36
81        <activity
81-->src\main\AndroidManifest.xml:81:9-83:39
82            android:name="com.example.forhue_app.Module2"
82-->src\main\AndroidManifest.xml:82:13-36
83            android:exported="true" />
83-->src\main\AndroidManifest.xml:83:13-36
84        <activity
84-->src\main\AndroidManifest.xml:84:9-86:39
85            android:name="com.example.forhue_app.CameraUpload"
85-->src\main\AndroidManifest.xml:85:13-41
86            android:exported="true" />
86-->src\main\AndroidManifest.xml:86:13-36
87        <activity
87-->src\main\AndroidManifest.xml:87:9-89:39
88            android:name="com.example.forhue_app.language"
88-->src\main\AndroidManifest.xml:88:13-37
89            android:exported="true" />
89-->src\main\AndroidManifest.xml:89:13-36
90        <activity
90-->src\main\AndroidManifest.xml:90:9-92:39
91            android:name="com.example.forhue_app.language_settings"
91-->src\main\AndroidManifest.xml:91:13-46
92            android:exported="true" />
92-->src\main\AndroidManifest.xml:92:13-36
93        <activity
93-->src\main\AndroidManifest.xml:93:9-101:20
94            android:name="com.example.forhue_app.MainActivity"
94-->src\main\AndroidManifest.xml:94:13-41
95            android:exported="true" >
95-->src\main\AndroidManifest.xml:95:13-36
96            <intent-filter>
96-->src\main\AndroidManifest.xml:96:13-100:29
97                <action android:name="android.intent.action.MAIN" />
97-->src\main\AndroidManifest.xml:97:17-69
97-->src\main\AndroidManifest.xml:97:25-66
98
99                <category android:name="android.intent.category.LAUNCHER" />
99-->src\main\AndroidManifest.xml:99:17-77
99-->src\main\AndroidManifest.xml:99:27-74
100            </intent-filter>
101        </activity>
102        <activity
102-->src\main\AndroidManifest.xml:102:9-105:56
103            android:name="com.yalantis.ucrop.UCropActivity"
103-->src\main\AndroidManifest.xml:102:19-66
104            android:screenOrientation="portrait"
104-->src\main\AndroidManifest.xml:103:13-49
105            android:theme="@style/Theme.AppCompat.Light.NoActionBar" />
105-->src\main\AndroidManifest.xml:104:13-69
106
107        <provider
107-->src\main\AndroidManifest.xml:106:9-114:20
108            android:name="androidx.core.content.FileProvider"
108-->src\main\AndroidManifest.xml:107:13-62
109            android:authorities="com.example.forhue_app"
109-->src\main\AndroidManifest.xml:108:13-57
110            android:exported="false"
110-->src\main\AndroidManifest.xml:109:13-37
111            android:grantUriPermissions="true" >
111-->src\main\AndroidManifest.xml:110:13-47
112            <meta-data
112-->src\main\AndroidManifest.xml:111:13-113:54
113                android:name="android.support.FILE_PROVIDER_PATHS"
113-->src\main\AndroidManifest.xml:112:17-67
114                android:resource="@xml/file_paths" />
114-->src\main\AndroidManifest.xml:113:17-51
115        </provider>
116
117        <meta-data
117-->src\main\AndroidManifest.xml:115:9-117:57
118            android:name="preloaded_fonts"
118-->src\main\AndroidManifest.xml:116:13-43
119            android:resource="@array/preloaded_fonts" />
119-->src\main\AndroidManifest.xml:117:13-54
120
121        <provider
121-->[androidx.emoji2:emoji2:1.2.0] AndroidManifest.xml:24:9-32:20
122            android:name="androidx.startup.InitializationProvider"
122-->[androidx.emoji2:emoji2:1.2.0] AndroidManifest.xml:25:13-67
123            android:authorities="com.example.forhue_app.androidx-startup"
123-->[androidx.emoji2:emoji2:1.2.0] AndroidManifest.xml:26:13-68
124            android:exported="false" >
124-->[androidx.emoji2:emoji2:1.2.0] AndroidManifest.xml:27:13-37
125            <meta-data
125-->[androidx.emoji2:emoji2:1.2.0] AndroidManifest.xml:29:13-31:52
126                android:name="androidx.emoji2.text.EmojiCompatInitializer"
126-->[androidx.emoji2:emoji2:1.2.0] AndroidManifest.xml:30:17-75
127                android:value="androidx.startup" />
127-->[androidx.emoji2:emoji2:1.2.0] AndroidManifest.xml:31:17-49
128            <meta-data
128-->[androidx.lifecycle:lifecycle-process:2.4.1] AndroidManifest.xml:31:13-33:52
129                android:name="androidx.lifecycle.ProcessLifecycleInitializer"
129-->[androidx.lifecycle:lifecycle-process:2.4.1] AndroidManifest.xml:32:17-78
130                android:value="androidx.startup" />
130-->[androidx.lifecycle:lifecycle-process:2.4.1] AndroidManifest.xml:33:17-49
131        </provider>
132    </application>
133
134</manifest>